Apr 1, 2013 5:19:29 PM org.apache.catalina.startup.Catalina stopServer
SEVERE: Catalina.stop: 
java.net.ConnectException: Connection refused
	at java.net.PlainSocketImpl.socketConnect(Native Method)
	at java.net.PlainSocketImpl.doConnect(PlainSocketImpl.java:333)
	at java.net.PlainSocketImpl.connectToAddress(PlainSocketImpl.java:195)
	at java.net.PlainSocketImpl.connect(PlainSocketImpl.java:182)
	at java.net.SocksSocketImpl.connect(SocksSocketImpl.java:364)
	at java.net.Socket.connect(Socket.java:507)
	at java.net.Socket.connect(Socket.java:457)
	at java.net.Socket.<init>(Socket.java:365)
	at java.net.Socket.<init>(Socket.java:178)
	at org.apache.catalina.startup.Catalina.stopServer(Catalina.java:394)
	at sun.reflect.NativeMethodAccessorImpl.invoke0(Native Method)
	at sun.reflect.NativeMethodAccessorImpl.invoke(NativeMethodAccessorImpl.java:39)
	at sun.reflect.DelegatingMethodAccessorImpl.invoke(DelegatingMethodAccessorImpl.java:25)
	at java.lang.reflect.Method.invoke(Method.java:585)
	at org.apache.catalina.startup.Bootstrap.stopServer(Bootstrap.java:324)
	at org.apache.catalina.startup.Bootstrap.main(Bootstrap.java:415)
Apr 1, 2013 5:19:30 PM org.apache.catalina.core.AprLifecycleListener lifecycleEvent
INFO: The Apache Tomcat Native library which allows optimal performance in production environments was not found on the java.library.path: /research/CS-local/jdk1.5.0_01/jre/lib/i386/server:/research/CS-local/jdk1.5.0_01/jre/lib/i386:/research/CS-local/jdk1.5.0_01/jre/../lib/i386
Apr 1, 2013 5:19:30 PM org.apache.coyote.http11.Http11BaseProtocol init
INFO: Initializing Coyote HTTP/1.1 on http-9548
Apr 1, 2013 5:19:30 PM org.apache.catalina.startup.Catalina load
INFO: Initialization processed in 347 ms
Apr 1, 2013 5:19:30 PM org.apache.catalina.core.StandardService start
INFO: Starting service Catalina
Apr 1, 2013 5:19:30 PM org.apache.catalina.core.StandardEngine start
INFO: Starting Servlet Engine: Apache Tomcat/5.5.15
Apr 1, 2013 5:19:30 PM org.apache.catalina.core.StandardHost start
INFO: XML validation disabled
Apr 1, 2013 5:19:32 PM org.apache.catalina.startup.Catalina stopServer
SEVERE: Catalina.stop: 
java.net.ConnectException: Connection refused
	at java.net.PlainSocketImpl.socketConnect(Native Method)
	at java.net.PlainSocketImpl.doConnect(PlainSocketImpl.java:333)
	at java.net.PlainSocketImpl.connectToAddress(PlainSocketImpl.java:195)
	at java.net.PlainSocketImpl.connect(PlainSocketImpl.java:182)
	at java.net.SocksSocketImpl.connect(SocksSocketImpl.java:364)
	at java.net.Socket.connect(Socket.java:507)
	at java.net.Socket.connect(Socket.java:457)
	at java.net.Socket.<init>(Socket.java:365)
	at java.net.Socket.<init>(Socket.java:178)
	at org.apache.catalina.startup.Catalina.stopServer(Catalina.java:394)
	at sun.reflect.NativeMethodAccessorImpl.invoke0(Native Method)
	at sun.reflect.NativeMethodAccessorImpl.invoke(NativeMethodAccessorImpl.java:39)
	at sun.reflect.DelegatingMethodAccessorImpl.invoke(DelegatingMethodAccessorImpl.java:25)
	at java.lang.reflect.Method.invoke(Method.java:585)
	at org.apache.catalina.startup.Bootstrap.stopServer(Bootstrap.java:324)
	at org.apache.catalina.startup.Bootstrap.main(Bootstrap.java:415)
Apr 1, 2013 5:19:32 PM org.apache.coyote.http11.Http11BaseProtocol start
INFO: Starting Coyote HTTP/1.1 on http-9548
Apr 1, 2013 5:19:32 PM org.apache.catalina.storeconfig.StoreLoader load
INFO: Find registry server-registry.xml at classpath resource
Apr 1, 2013 5:19:32 PM org.apache.catalina.startup.Catalina start
INFO: Server startup in 1814 ms
Apr 1, 2013 5:19:32 PM org.apache.catalina.core.AprLifecycleListener lifecycleEvent
INFO: The Apache Tomcat Native library which allows optimal performance in production environments was not found on the java.library.path: /research/CS-local/jdk1.5.0_01/jre/lib/i386/server:/research/CS-local/jdk1.5.0_01/jre/lib/i386:/research/CS-local/jdk1.5.0_01/jre/../lib/i386
Apr 1, 2013 5:19:32 PM org.apache.coyote.http11.Http11BaseProtocol init
SEVERE: Error initializing endpoint
java.net.BindException: Address already in use:9548
	at org.apache.tomcat.util.net.PoolTcpEndpoint.initEndpoint(PoolTcpEndpoint.java:297)
	at org.apache.coyote.http11.Http11BaseProtocol.init(Http11BaseProtocol.java:141)
	at org.apache.catalina.connector.Connector.initialize(Connector.java:1016)
	at org.apache.catalina.core.StandardService.initialize(StandardService.java:580)
	at org.apache.catalina.core.StandardServer.initialize(StandardServer.java:782)
	at org.apache.catalina.startup.Catalina.load(Catalina.java:503)
	at org.apache.catalina.startup.Catalina.load(Catalina.java:523)
	at sun.reflect.NativeMethodAccessorImpl.invoke0(Native Method)
	at sun.reflect.NativeMethodAccessorImpl.invoke(NativeMethodAccessorImpl.java:39)
	at sun.reflect.DelegatingMethodAccessorImpl.invoke(DelegatingMethodAccessorImpl.java:25)
	at java.lang.reflect.Method.invoke(Method.java:585)
	at org.apache.catalina.startup.Bootstrap.load(Bootstrap.java:247)
	at org.apache.catalina.startup.Bootstrap.main(Bootstrap.java:412)
Apr 1, 2013 5:19:32 PM org.apache.catalina.startup.Catalina load
SEVERE: Catalina.start
LifecycleException:  Protocol handler initialization failed: java.net.BindException: Address already in use:9548
	at org.apache.catalina.connector.Connector.initialize(Connector.java:1018)
	at org.apache.catalina.core.StandardService.initialize(StandardService.java:580)
	at org.apache.catalina.core.StandardServer.initialize(StandardServer.java:782)
	at org.apache.catalina.startup.Catalina.load(Catalina.java:503)
	at org.apache.catalina.startup.Catalina.load(Catalina.java:523)
	at sun.reflect.NativeMethodAccessorImpl.invoke0(Native Method)
	at sun.reflect.NativeMethodAccessorImpl.invoke(NativeMethodAccessorImpl.java:39)
	at sun.reflect.DelegatingMethodAccessorImpl.invoke(DelegatingMethodAccessorImpl.java:25)
	at java.lang.reflect.Method.invoke(Method.java:585)
	at org.apache.catalina.startup.Bootstrap.load(Bootstrap.java:247)
	at org.apache.catalina.startup.Bootstrap.main(Bootstrap.java:412)
Apr 1, 2013 5:19:32 PM org.apache.catalina.startup.Catalina load
INFO: Initialization processed in 340 ms
Apr 1, 2013 5:19:32 PM org.apache.catalina.core.StandardService start
INFO: Starting service Catalina
Apr 1, 2013 5:19:32 PM org.apache.catalina.core.StandardEngine start
INFO: Starting Servlet Engine: Apache Tomcat/5.5.15
Apr 1, 2013 5:19:32 PM org.apache.catalina.core.StandardHost start
INFO: XML validation disabled
Apr 1, 2013 5:19:33 PM org.apache.coyote.http11.Http11BaseProtocol start
SEVERE: Error starting endpoint
java.net.BindException: Address already in use:9548
	at org.apache.tomcat.util.net.PoolTcpEndpoint.initEndpoint(PoolTcpEndpoint.java:297)
	at org.apache.tomcat.util.net.PoolTcpEndpoint.startEndpoint(PoolTcpEndpoint.java:312)
	at org.apache.coyote.http11.Http11BaseProtocol.start(Http11BaseProtocol.java:153)
	at org.apache.coyote.http11.Http11Protocol.start(Http11Protocol.java:102)
	at org.apache.catalina.connector.Connector.start(Connector.java:1089)
	at org.apache.catalina.core.StandardService.start(StandardService.java:459)
	at org.apache.catalina.core.StandardServer.start(StandardServer.java:700)
	at org.apache.catalina.startup.Catalina.start(Catalina.java:551)
	at sun.reflect.NativeMethodAccessorImpl.invoke0(Native Method)
	at sun.reflect.NativeMethodAccessorImpl.invoke(NativeMethodAccessorImpl.java:39)
	at sun.reflect.DelegatingMethodAccessorImpl.invoke(DelegatingMethodAccessorImpl.java:25)
	at java.lang.reflect.Method.invoke(Method.java:585)
	at org.apache.catalina.startup.Bootstrap.start(Bootstrap.java:275)
	at org.apache.catalina.startup.Bootstrap.main(Bootstrap.java:413)
Apr 1, 2013 5:19:33 PM org.apache.catalina.startup.Catalina start
SEVERE: Catalina.start: 
LifecycleException:  service.getName(): "Catalina";  Protocol handler start failed: java.net.BindException: Address already in use:9548
	at org.apache.catalina.connector.Connector.start(Connector.java:1096)
	at org.apache.catalina.core.StandardService.start(StandardService.java:459)
	at org.apache.catalina.core.StandardServer.start(StandardServer.java:700)
	at org.apache.catalina.startup.Catalina.start(Catalina.java:551)
	at sun.reflect.NativeMethodAccessorImpl.invoke0(Native Method)
	at sun.reflect.NativeMethodAccessorImpl.invoke(NativeMethodAccessorImpl.java:39)
	at sun.reflect.DelegatingMethodAccessorImpl.invoke(DelegatingMethodAccessorImpl.java:25)
	at java.lang.reflect.Method.invoke(Method.java:585)
	at org.apache.catalina.startup.Bootstrap.start(Bootstrap.java:275)
	at org.apache.catalina.startup.Bootstrap.main(Bootstrap.java:413)
Apr 1, 2013 5:19:33 PM org.apache.catalina.startup.Catalina start
INFO: Server startup in 559 ms
Apr 1, 2013 5:19:33 PM org.apache.catalina.core.StandardServer await
SEVERE: StandardServer.await: create[9048]: 
java.net.BindException: Address already in use
	at java.net.PlainSocketImpl.socketBind(Native Method)
	at java.net.PlainSocketImpl.bind(PlainSocketImpl.java:359)
	at java.net.ServerSocket.bind(ServerSocket.java:319)
	at java.net.ServerSocket.<init>(ServerSocket.java:185)
	at org.apache.catalina.core.StandardServer.await(StandardServer.java:363)
	at org.apache.catalina.startup.Catalina.await(Catalina.java:615)
	at org.apache.catalina.startup.Catalina.start(Catalina.java:575)
	at sun.reflect.NativeMethodAccessorImpl.invoke0(Native Method)
	at sun.reflect.NativeMethodAccessorImpl.invoke(NativeMethodAccessorImpl.java:39)
	at sun.reflect.DelegatingMethodAccessorImpl.invoke(DelegatingMethodAccessorImpl.java:25)
	at java.lang.reflect.Method.invoke(Method.java:585)
	at org.apache.catalina.startup.Bootstrap.start(Bootstrap.java:275)
	at org.apache.catalina.startup.Bootstrap.main(Bootstrap.java:413)
