Mar 24, 2013 3:25:49 PM org.apache.catalina.startup.Catalina stopServer
SEVERE: Catalina.stop: 
java.net.ConnectException: Connection refused
	at java.net.PlainSocketImpl.socketConnect(Native Method)
	at java.net.PlainSocketImpl.doConnect(PlainSocketImpl.java:333)
	at java.net.PlainSocketImpl.connectToAddress(PlainSocketImpl.java:195)
	at java.net.PlainSocketImpl.connect(PlainSocketImpl.java:182)
	at java.net.SocksSocketImpl.connect(SocksSocketImpl.java:364)
	at java.net.Socket.connect(Socket.java:507)
	at java.net.Socket.connect(Socket.java:457)
	at java.net.Socket.<init>(Socket.java:365)
	at java.net.Socket.<init>(Socket.java:178)
	at org.apache.catalina.startup.Catalina.stopServer(Catalina.java:394)
	at sun.reflect.NativeMethodAccessorImpl.invoke0(Native Method)
	at sun.reflect.NativeMethodAccessorImpl.invoke(NativeMethodAccessorImpl.java:39)
	at sun.reflect.DelegatingMethodAccessorImpl.invoke(DelegatingMethodAccessorImpl.java:25)
	at java.lang.reflect.Method.invoke(Method.java:585)
	at org.apache.catalina.startup.Bootstrap.stopServer(Bootstrap.java:324)
	at org.apache.catalina.startup.Bootstrap.main(Bootstrap.java:415)
Mar 24, 2013 3:26:03 PM org.apache.catalina.core.AprLifecycleListener lifecycleEvent
INFO: The Apache Tomcat Native library which allows optimal performance in production environments was not found on the java.library.path: /research/CS-local/jdk1.5.0_01/jre/lib/i386/server:/research/CS-local/jdk1.5.0_01/jre/lib/i386:/research/CS-local/jdk1.5.0_01/jre/../lib/i386
Mar 24, 2013 3:26:03 PM org.apache.coyote.http11.Http11BaseProtocol init
INFO: Initializing Coyote HTTP/1.1 on http-9548
Mar 24, 2013 3:26:03 PM org.apache.catalina.startup.Catalina load
INFO: Initialization processed in 327 ms
Mar 24, 2013 3:26:03 PM org.apache.catalina.core.StandardService start
INFO: Starting service Catalina
Mar 24, 2013 3:26:03 PM org.apache.catalina.core.StandardEngine start
INFO: Starting Servlet Engine: Apache Tomcat/5.5.15
Mar 24, 2013 3:26:03 PM org.apache.catalina.core.StandardHost start
INFO: XML validation disabled
Mar 24, 2013 3:26:03 PM org.apache.catalina.startup.HostConfig deployWAR
INFO: Deploying web application archive photoshare.war
Mar 24, 2013 3:26:04 PM org.apache.coyote.http11.Http11BaseProtocol start
INFO: Starting Coyote HTTP/1.1 on http-9548
Mar 24, 2013 3:26:04 PM org.apache.catalina.storeconfig.StoreLoader load
INFO: Find registry server-registry.xml at classpath resource
Mar 24, 2013 3:26:04 PM org.apache.catalina.startup.Catalina start
INFO: Server startup in 724 ms
Mar 24, 2013 3:31:44 PM org.apache.catalina.startup.HostConfig checkResources
INFO: Undeploying context [/photoshare]
Mar 24, 2013 3:31:44 PM org.apache.catalina.startup.HostConfig deployWAR
INFO: Deploying web application archive photoshare.war
Mar 24, 2013 3:31:45 PM org.apache.catalina.core.AprLifecycleListener lifecycleEvent
INFO: The Apache Tomcat Native library which allows optimal performance in production environments was not found on the java.library.path: /research/CS-local/jdk1.5.0_01/jre/lib/i386/server:/research/CS-local/jdk1.5.0_01/jre/lib/i386:/research/CS-local/jdk1.5.0_01/jre/../lib/i386
Mar 24, 2013 3:31:45 PM org.apache.coyote.http11.Http11BaseProtocol init
SEVERE: Error initializing endpoint
java.net.BindException: Address already in use:9548
	at org.apache.tomcat.util.net.PoolTcpEndpoint.initEndpoint(PoolTcpEndpoint.java:297)
	at org.apache.coyote.http11.Http11BaseProtocol.init(Http11BaseProtocol.java:141)
	at org.apache.catalina.connector.Connector.initialize(Connector.java:1016)
	at org.apache.catalina.core.StandardService.initialize(StandardService.java:580)
	at org.apache.catalina.core.StandardServer.initialize(StandardServer.java:782)
	at org.apache.catalina.startup.Catalina.load(Catalina.java:503)
	at org.apache.catalina.startup.Catalina.load(Catalina.java:523)
	at sun.reflect.NativeMethodAccessorImpl.invoke0(Native Method)
	at sun.reflect.NativeMethodAccessorImpl.invoke(NativeMethodAccessorImpl.java:39)
	at sun.reflect.DelegatingMethodAccessorImpl.invoke(DelegatingMethodAccessorImpl.java:25)
	at java.lang.reflect.Method.invoke(Method.java:585)
	at org.apache.catalina.startup.Bootstrap.load(Bootstrap.java:247)
	at org.apache.catalina.startup.Bootstrap.main(Bootstrap.java:412)
Mar 24, 2013 3:31:45 PM org.apache.catalina.startup.Catalina load
SEVERE: Catalina.start
LifecycleException:  Protocol handler initialization failed: java.net.BindException: Address already in use:9548
	at org.apache.catalina.connector.Connector.initialize(Connector.java:1018)
	at org.apache.catalina.core.StandardService.initialize(StandardService.java:580)
	at org.apache.catalina.core.StandardServer.initialize(StandardServer.java:782)
	at org.apache.catalina.startup.Catalina.load(Catalina.java:503)
	at org.apache.catalina.startup.Catalina.load(Catalina.java:523)
	at sun.reflect.NativeMethodAccessorImpl.invoke0(Native Method)
	at sun.reflect.NativeMethodAccessorImpl.invoke(NativeMethodAccessorImpl.java:39)
	at sun.reflect.DelegatingMethodAccessorImpl.invoke(DelegatingMethodAccessorImpl.java:25)
	at java.lang.reflect.Method.invoke(Method.java:585)
	at org.apache.catalina.startup.Bootstrap.load(Bootstrap.java:247)
	at org.apache.catalina.startup.Bootstrap.main(Bootstrap.java:412)
Mar 24, 2013 3:31:45 PM org.apache.catalina.startup.Catalina load
INFO: Initialization processed in 330 ms
Mar 24, 2013 3:31:45 PM org.apache.catalina.core.StandardService start
INFO: Starting service Catalina
Mar 24, 2013 3:31:45 PM org.apache.catalina.core.StandardEngine start
INFO: Starting Servlet Engine: Apache Tomcat/5.5.15
Mar 24, 2013 3:31:45 PM org.apache.catalina.core.StandardHost start
INFO: XML validation disabled
Mar 24, 2013 3:31:45 PM org.apache.coyote.http11.Http11BaseProtocol start
SEVERE: Error starting endpoint
java.net.BindException: Address already in use:9548
	at org.apache.tomcat.util.net.PoolTcpEndpoint.initEndpoint(PoolTcpEndpoint.java:297)
	at org.apache.tomcat.util.net.PoolTcpEndpoint.startEndpoint(PoolTcpEndpoint.java:312)
	at org.apache.coyote.http11.Http11BaseProtocol.start(Http11BaseProtocol.java:153)
	at org.apache.coyote.http11.Http11Protocol.start(Http11Protocol.java:102)
	at org.apache.catalina.connector.Connector.start(Connector.java:1089)
	at org.apache.catalina.core.StandardService.start(StandardService.java:459)
	at org.apache.catalina.core.StandardServer.start(StandardServer.java:700)
	at org.apache.catalina.startup.Catalina.start(Catalina.java:551)
	at sun.reflect.NativeMethodAccessorImpl.invoke0(Native Method)
	at sun.reflect.NativeMethodAccessorImpl.invoke(NativeMethodAccessorImpl.java:39)
	at sun.reflect.DelegatingMethodAccessorImpl.invoke(DelegatingMethodAccessorImpl.java:25)
	at java.lang.reflect.Method.invoke(Method.java:585)
	at org.apache.catalina.startup.Bootstrap.start(Bootstrap.java:275)
	at org.apache.catalina.startup.Bootstrap.main(Bootstrap.java:413)
Mar 24, 2013 3:31:45 PM org.apache.catalina.startup.Catalina start
SEVERE: Catalina.start: 
LifecycleException:  service.getName(): "Catalina";  Protocol handler start failed: java.net.BindException: Address already in use:9548
	at org.apache.catalina.connector.Connector.start(Connector.java:1096)
	at org.apache.catalina.core.StandardService.start(StandardService.java:459)
	at org.apache.catalina.core.StandardServer.start(StandardServer.java:700)
	at org.apache.catalina.startup.Catalina.start(Catalina.java:551)
	at sun.reflect.NativeMethodAccessorImpl.invoke0(Native Method)
	at sun.reflect.NativeMethodAccessorImpl.invoke(NativeMethodAccessorImpl.java:39)
	at sun.reflect.DelegatingMethodAccessorImpl.invoke(DelegatingMethodAccessorImpl.java:25)
	at java.lang.reflect.Method.invoke(Method.java:585)
	at org.apache.catalina.startup.Bootstrap.start(Bootstrap.java:275)
	at org.apache.catalina.startup.Bootstrap.main(Bootstrap.java:413)
Mar 24, 2013 3:31:45 PM org.apache.catalina.startup.Catalina start
INFO: Server startup in 583 ms
Mar 24, 2013 3:31:45 PM org.apache.catalina.core.StandardServer await
SEVERE: StandardServer.await: create[9048]: 
java.net.BindException: Address already in use
	at java.net.PlainSocketImpl.socketBind(Native Method)
	at java.net.PlainSocketImpl.bind(PlainSocketImpl.java:359)
	at java.net.ServerSocket.bind(ServerSocket.java:319)
	at java.net.ServerSocket.<init>(ServerSocket.java:185)
	at org.apache.catalina.core.StandardServer.await(StandardServer.java:363)
	at org.apache.catalina.startup.Catalina.await(Catalina.java:615)
	at org.apache.catalina.startup.Catalina.start(Catalina.java:575)
	at sun.reflect.NativeMethodAccessorImpl.invoke0(Native Method)
	at sun.reflect.NativeMethodAccessorImpl.invoke(NativeMethodAccessorImpl.java:39)
	at sun.reflect.DelegatingMethodAccessorImpl.invoke(DelegatingMethodAccessorImpl.java:25)
	at java.lang.reflect.Method.invoke(Method.java:585)
	at org.apache.catalina.startup.Bootstrap.start(Bootstrap.java:275)
	at org.apache.catalina.startup.Bootstrap.main(Bootstrap.java:413)
Mar 24, 2013 3:33:34 PM org.apache.catalina.startup.HostConfig checkResources
INFO: Undeploying context [/photoshare]
Mar 24, 2013 3:33:34 PM org.apache.catalina.startup.HostConfig deployWAR
INFO: Deploying web application archive photoshare.war
Mar 24, 2013 3:37:25 PM org.apache.catalina.startup.HostConfig checkResources
INFO: Undeploying context [/photoshare]
Mar 24, 2013 3:37:25 PM org.apache.catalina.startup.HostConfig deployWAR
INFO: Deploying web application archive photoshare.war
Mar 24, 2013 5:50:38 PM org.apache.catalina.startup.HostConfig checkResources
INFO: Undeploying context [/photoshare]
Mar 24, 2013 5:50:39 PM org.apache.catalina.startup.HostConfig deployWAR
INFO: Deploying web application archive photoshare.war
Mar 24, 2013 6:01:09 PM org.apache.catalina.startup.HostConfig checkResources
INFO: Undeploying context [/photoshare]
Mar 24, 2013 6:01:09 PM org.apache.catalina.startup.HostConfig deployWAR
INFO: Deploying web application archive photoshare.war
Mar 24, 2013 6:13:29 PM org.apache.catalina.startup.HostConfig checkResources
INFO: Undeploying context [/photoshare]
Mar 24, 2013 6:13:30 PM org.apache.catalina.startup.HostConfig deployWAR
INFO: Deploying web application archive photoshare.war
Mar 24, 2013 6:23:00 PM org.apache.catalina.startup.HostConfig checkResources
INFO: Undeploying context [/photoshare]
Mar 24, 2013 6:23:00 PM org.apache.catalina.startup.HostConfig deployWAR
INFO: Deploying web application archive photoshare.war
Mar 24, 2013 6:27:40 PM org.apache.catalina.startup.HostConfig checkResources
INFO: Undeploying context [/photoshare]
Mar 24, 2013 6:27:40 PM org.apache.catalina.startup.HostConfig deployWAR
INFO: Deploying web application archive photoshare.war
Mar 24, 2013 6:31:00 PM org.apache.catalina.startup.HostConfig checkResources
INFO: Undeploying context [/photoshare]
Mar 24, 2013 6:31:00 PM org.apache.catalina.startup.HostConfig deployWAR
INFO: Deploying web application archive photoshare.war
Mar 24, 2013 7:34:02 PM org.apache.catalina.startup.HostConfig checkResources
INFO: Undeploying context [/photoshare]
Mar 24, 2013 7:34:02 PM org.apache.catalina.startup.HostConfig deployWAR
INFO: Deploying web application archive photoshare.war
Mar 24, 2013 7:37:33 PM org.apache.catalina.startup.HostConfig checkResources
INFO: Undeploying context [/photoshare]
Mar 24, 2013 7:37:33 PM org.apache.catalina.startup.HostConfig deployWAR
INFO: Deploying web application archive photoshare.war
Mar 24, 2013 7:42:03 PM org.apache.catalina.startup.HostConfig checkResources
INFO: Undeploying context [/photoshare]
Mar 24, 2013 7:42:03 PM org.apache.catalina.startup.HostConfig deployWAR
INFO: Deploying web application archive photoshare.war
Mar 24, 2013 7:44:03 PM org.apache.catalina.startup.HostConfig checkResources
INFO: Undeploying context [/photoshare]
Mar 24, 2013 7:44:03 PM org.apache.catalina.startup.HostConfig deployWAR
INFO: Deploying web application archive photoshare.war
Mar 24, 2013 7:47:43 PM org.apache.catalina.startup.HostConfig checkResources
INFO: Undeploying context [/photoshare]
Mar 24, 2013 7:47:44 PM org.apache.catalina.startup.HostConfig deployWAR
INFO: Deploying web application archive photoshare.war
Mar 24, 2013 7:51:44 PM org.apache.catalina.startup.HostConfig checkResources
INFO: Undeploying context [/photoshare]
Mar 24, 2013 7:51:44 PM org.apache.catalina.startup.HostConfig deployWAR
INFO: Deploying web application archive photoshare.war
Mar 24, 2013 7:54:34 PM org.apache.catalina.startup.HostConfig checkResources
INFO: Undeploying context [/photoshare]
Mar 24, 2013 7:54:34 PM org.apache.catalina.startup.HostConfig deployWAR
INFO: Deploying web application archive photoshare.war
Mar 24, 2013 7:56:54 PM org.apache.catalina.startup.HostConfig checkResources
INFO: Undeploying context [/photoshare]
Mar 24, 2013 7:56:54 PM org.apache.catalina.startup.HostConfig deployWAR
INFO: Deploying web application archive photoshare.war
Mar 24, 2013 8:20:55 PM org.apache.catalina.startup.HostConfig checkResources
INFO: Undeploying context [/photoshare]
Mar 24, 2013 8:20:55 PM org.apache.catalina.startup.HostConfig deployWAR
INFO: Deploying web application archive photoshare.war
Mar 24, 2013 8:25:35 PM org.apache.catalina.startup.HostConfig checkResources
INFO: Undeploying context [/photoshare]
Mar 24, 2013 8:25:36 PM org.apache.catalina.startup.HostConfig deployWAR
INFO: Deploying web application archive photoshare.war
Mar 24, 2013 8:27:06 PM org.apache.catalina.startup.HostConfig checkResources
INFO: Undeploying context [/photoshare]
Mar 24, 2013 8:27:06 PM org.apache.catalina.startup.HostConfig deployWAR
INFO: Deploying web application archive photoshare.war
Mar 24, 2013 8:29:46 PM org.apache.catalina.startup.HostConfig checkResources
INFO: Undeploying context [/photoshare]
Mar 24, 2013 8:29:46 PM org.apache.catalina.startup.HostConfig deployWAR
INFO: Deploying web application archive photoshare.war
Mar 24, 2013 8:41:16 PM org.apache.catalina.startup.HostConfig checkResources
INFO: Undeploying context [/photoshare]
Mar 24, 2013 8:41:17 PM org.apache.catalina.startup.HostConfig deployWAR
INFO: Deploying web application archive photoshare.war
Mar 24, 2013 8:47:07 PM org.apache.catalina.startup.HostConfig checkResources
INFO: Undeploying context [/photoshare]
Mar 24, 2013 8:47:07 PM org.apache.catalina.startup.HostConfig deployWAR
INFO: Deploying web application archive photoshare.war
Mar 24, 2013 8:50:57 PM org.apache.catalina.startup.HostConfig checkResources
INFO: Undeploying context [/photoshare]
Mar 24, 2013 8:50:57 PM org.apache.catalina.startup.HostConfig deployWAR
INFO: Deploying web application archive photoshare.war
Mar 24, 2013 8:56:58 PM org.apache.catalina.startup.HostConfig checkResources
INFO: Undeploying context [/photoshare]
Mar 24, 2013 8:56:58 PM org.apache.catalina.startup.HostConfig deployWAR
INFO: Deploying web application archive photoshare.war
Mar 24, 2013 8:58:48 PM org.apache.catalina.startup.HostConfig checkResources
INFO: Undeploying context [/photoshare]
Mar 24, 2013 8:58:48 PM org.apache.catalina.startup.HostConfig deployWAR
INFO: Deploying web application archive photoshare.war
Mar 24, 2013 8:59:28 PM org.apache.catalina.startup.HostConfig checkResources
INFO: Undeploying context [/photoshare]
Mar 24, 2013 8:59:28 PM org.apache.catalina.startup.HostConfig deployWAR
INFO: Deploying web application archive photoshare.war
Mar 24, 2013 9:02:38 PM org.apache.catalina.startup.HostConfig checkResources
INFO: Undeploying context [/photoshare]
Mar 24, 2013 9:02:38 PM org.apache.catalina.startup.HostConfig deployWAR
INFO: Deploying web application archive photoshare.war
Mar 24, 2013 9:24:09 PM org.apache.catalina.startup.HostConfig checkResources
INFO: Undeploying context [/photoshare]
Mar 24, 2013 9:24:09 PM org.apache.catalina.startup.HostConfig deployWAR
INFO: Deploying web application archive photoshare.war
Mar 24, 2013 9:27:59 PM org.apache.catalina.startup.HostConfig checkResources
INFO: Undeploying context [/photoshare]
Mar 24, 2013 9:27:59 PM org.apache.catalina.startup.HostConfig deployWAR
INFO: Deploying web application archive photoshare.war
Mar 24, 2013 9:28:50 PM org.apache.catalina.startup.HostConfig checkResources
INFO: Undeploying context [/photoshare]
Mar 24, 2013 9:28:50 PM org.apache.catalina.startup.HostConfig deployWAR
INFO: Deploying web application archive photoshare.war
Mar 24, 2013 9:35:00 PM org.apache.catalina.startup.HostConfig checkResources
INFO: Undeploying context [/photoshare]
Mar 24, 2013 9:35:00 PM org.apache.catalina.startup.HostConfig deployWAR
INFO: Deploying web application archive photoshare.war
Mar 24, 2013 11:10:44 PM org.apache.catalina.startup.HostConfig checkResources
INFO: Undeploying context [/photoshare]
Mar 24, 2013 11:10:44 PM org.apache.catalina.startup.HostConfig deployWAR
INFO: Deploying web application archive photoshare.war
Mar 24, 2013 11:11:34 PM org.apache.catalina.startup.HostConfig checkResources
INFO: Undeploying context [/photoshare]
Mar 24, 2013 11:11:34 PM org.apache.catalina.startup.HostConfig deployWAR
INFO: Deploying web application archive photoshare.war
Mar 24, 2013 11:19:09 PM org.apache.coyote.http11.Http11BaseProtocol pause
INFO: Pausing Coyote HTTP/1.1 on http-9548
Mar 24, 2013 11:19:10 PM org.apache.catalina.core.StandardService stop
INFO: Stopping service Catalina
Mar 24, 2013 11:19:10 PM org.apache.coyote.http11.Http11BaseProtocol destroy
INFO: Stopping Coyote HTTP/1.1 on http-9548
Mar 24, 2013 11:19:10 PM org.apache.catalina.core.AprLifecycleListener lifecycleEvent
INFO: Failed shutdown of Apache Portable Runtime
Mar 24, 2013 11:19:15 PM org.apache.catalina.core.AprLifecycleListener lifecycleEvent
INFO: The Apache Tomcat Native library which allows optimal performance in production environments was not found on the java.library.path: /research/CS-local/jdk1.5.0_01/jre/lib/i386/server:/research/CS-local/jdk1.5.0_01/jre/lib/i386:/research/CS-local/jdk1.5.0_01/jre/../lib/i386
Mar 24, 2013 11:19:15 PM org.apache.coyote.http11.Http11BaseProtocol init
INFO: Initializing Coyote HTTP/1.1 on http-9548
Mar 24, 2013 11:19:15 PM org.apache.catalina.startup.Catalina load
INFO: Initialization processed in 401 ms
Mar 24, 2013 11:19:15 PM org.apache.catalina.core.StandardService start
INFO: Starting service Catalina
Mar 24, 2013 11:19:15 PM org.apache.catalina.core.StandardEngine start
INFO: Starting Servlet Engine: Apache Tomcat/5.5.15
Mar 24, 2013 11:19:15 PM org.apache.catalina.core.StandardHost start
INFO: XML validation disabled
Mar 24, 2013 11:19:15 PM org.apache.coyote.http11.Http11BaseProtocol start
INFO: Starting Coyote HTTP/1.1 on http-9548
Mar 24, 2013 11:19:15 PM org.apache.catalina.storeconfig.StoreLoader load
INFO: Find registry server-registry.xml at classpath resource
Mar 24, 2013 11:19:15 PM org.apache.catalina.startup.Catalina start
INFO: Server startup in 706 ms
Mar 24, 2013 11:47:26 PM org.apache.catalina.startup.HostConfig checkResources
INFO: Undeploying context [/photoshare]
Mar 24, 2013 11:47:26 PM org.apache.catalina.startup.HostConfig deployWAR
INFO: Deploying web application archive photoshare.war
Mar 24, 2013 11:51:17 PM org.apache.catalina.startup.HostConfig checkResources
INFO: Undeploying context [/photoshare]
Mar 24, 2013 11:51:17 PM org.apache.catalina.startup.HostConfig deployWAR
INFO: Deploying web application archive photoshare.war
Mar 24, 2013 11:56:17 PM org.apache.catalina.startup.HostConfig checkResources
INFO: Undeploying context [/photoshare]
Mar 24, 2013 11:56:17 PM org.apache.catalina.startup.HostConfig deployWAR
INFO: Deploying web application archive photoshare.war
